# Logfile created on 2019-11-29 00:58:48 -0400 by logger.rb/31641
D, [2019-11-29T00:58:48.969443 #52547] DEBUG -- : REQUESTING PAGE: GET / with {} and HTTP headers {}
D, [2019-11-29T00:58:49.184213 #52547] DEBUG -- : REQUESTING PAGE: GET / with {} and HTTP headers {}
D, [2019-11-29T00:58:49.187802 #52547] DEBUG -- : REQUESTING PAGE: POST /ingresar with {"monto"=>"100"} and HTTP headers {"HTTP_REFERER"=>"/"}
D, [2019-11-29T00:58:49.195347 #52547] DEBUG -- : REQUESTING PAGE: GET / with {} and HTTP headers {}
D, [2019-11-29T00:58:49.198665 #52547] DEBUG -- : REQUESTING PAGE: POST /ingresar with {"monto"=>"300"} and HTTP headers {"HTTP_REFERER"=>"/"}
D, [2019-11-29T00:58:49.203408 #52547] DEBUG -- : REQUESTING PAGE: POST /retirar with {"retiro"=>"100"} and HTTP headers {"HTTP_REFERER"=>"/ingresar"}
D, [2019-11-29T10:04:55.956936 #53863] DEBUG -- : REQUESTING PAGE: GET / with {} and HTTP headers {}
D, [2019-11-29T10:04:56.035463 #53863] DEBUG -- : REQUESTING PAGE: GET / with {} and HTTP headers {}
D, [2019-11-29T10:04:56.039629 #53863] DEBUG -- : REQUESTING PAGE: POST /ingresar with {"monto"=>"100"} and HTTP headers {"HTTP_REFERER"=>"/"}
D, [2019-11-29T10:04:56.046260 #53863] DEBUG -- : REQUESTING PAGE: GET / with {} and HTTP headers {}
D, [2019-11-29T10:04:56.049469 #53863] DEBUG -- : REQUESTING PAGE: POST /ingresar with {"monto"=>"300"} and HTTP headers {"HTTP_REFERER"=>"/"}
D, [2019-11-29T10:04:56.053508 #53863] DEBUG -- : REQUESTING PAGE: POST /retirar with {"retiro"=>"100"} and HTTP headers {"HTTP_REFERER"=>"/ingresar"}
D, [2019-11-29T10:29:07.639439 #54748] DEBUG -- : REQUESTING PAGE: GET / with {} and HTTP headers {}
D, [2019-11-29T10:29:07.719423 #54748] DEBUG -- : REQUESTING PAGE: GET / with {} and HTTP headers {}
D, [2019-11-29T10:29:07.725033 #54748] DEBUG -- : REQUESTING PAGE: POST /ingresar with {"monto"=>"100"} and HTTP headers {"HTTP_REFERER"=>"/"}
D, [2019-11-29T10:29:07.733362 #54748] DEBUG -- : REQUESTING PAGE: GET / with {} and HTTP headers {}
D, [2019-11-29T10:29:07.737356 #54748] DEBUG -- : REQUESTING PAGE: POST /ingresar with {"monto"=>"300"} and HTTP headers {"HTTP_REFERER"=>"/"}
D, [2019-11-29T10:29:07.748125 #54748] DEBUG -- : REQUESTING PAGE: POST /retirar with {"retiro"=>"100"} and HTTP headers {"HTTP_REFERER"=>"/ingresar"}
D, [2019-11-29T11:05:56.230394 #55254] DEBUG -- : REQUESTING PAGE: GET / with {} and HTTP headers {}
D, [2019-11-29T11:05:56.298677 #55254] DEBUG -- : REQUESTING PAGE: GET / with {} and HTTP headers {}
D, [2019-11-29T11:05:56.304246 #55254] DEBUG -- : REQUESTING PAGE: POST /ingresar with {"monto"=>"100"} and HTTP headers {"HTTP_REFERER"=>"/"}
D, [2019-11-29T11:05:56.312474 #55254] DEBUG -- : REQUESTING PAGE: GET / with {} and HTTP headers {}
D, [2019-11-29T11:05:56.315574 #55254] DEBUG -- : REQUESTING PAGE: POST /ingresar with {"monto"=>"300"} and HTTP headers {"HTTP_REFERER"=>"/"}
D, [2019-11-29T11:05:56.335784 #55254] DEBUG -- : REQUESTING PAGE: POST /retirar with {"retiro"=>"100"} and HTTP headers {"HTTP_REFERER"=>"/ingresar"}
D, [2019-11-29T11:06:29.446768 #55485] DEBUG -- : REQUESTING PAGE: GET / with {} and HTTP headers {}
D, [2019-11-29T11:06:29.525084 #55485] DEBUG -- : REQUESTING PAGE: GET / with {} and HTTP headers {}
D, [2019-11-29T11:06:29.528366 #55485] DEBUG -- : REQUESTING PAGE: POST /ingresar with {"monto"=>"100"} and HTTP headers {"HTTP_REFERER"=>"/"}
D, [2019-11-29T11:06:29.537031 #55485] DEBUG -- : REQUESTING PAGE: GET / with {} and HTTP headers {}
D, [2019-11-29T11:06:29.540493 #55485] DEBUG -- : REQUESTING PAGE: POST /ingresar with {"monto"=>"300"} and HTTP headers {"HTTP_REFERER"=>"/"}
D, [2019-11-29T11:06:29.544292 #55485] DEBUG -- : REQUESTING PAGE: POST /retirar with {"retiro"=>"100"} and HTTP headers {"HTTP_REFERER"=>"/ingresar"}
D, [2019-11-29T11:06:44.281223 #55621] DEBUG -- : REQUESTING PAGE: GET / with {} and HTTP headers {}
D, [2019-11-29T11:06:44.336833 #55621] DEBUG -- : REQUESTING PAGE: GET / with {} and HTTP headers {}
D, [2019-11-29T11:06:44.340570 #55621] DEBUG -- : REQUESTING PAGE: POST /ingresar with {"monto"=>"100"} and HTTP headers {"HTTP_REFERER"=>"/"}
D, [2019-11-29T11:06:44.348913 #55621] DEBUG -- : REQUESTING PAGE: GET / with {} and HTTP headers {}
D, [2019-11-29T11:06:44.351681 #55621] DEBUG -- : REQUESTING PAGE: POST /ingresar with {"monto"=>"300"} and HTTP headers {"HTTP_REFERER"=>"/"}
D, [2019-11-29T11:06:44.354087 #55621] DEBUG -- : REQUESTING PAGE: POST /retirar with {"retiro"=>"100"} and HTTP headers {"HTTP_REFERER"=>"/ingresar"}
D, [2020-06-08T09:40:53.015822 #10192] DEBUG -- : REQUESTING PAGE: GET / with {} and HTTP headers {}
D, [2020-06-08T09:41:48.023575 #7412] DEBUG -- : REQUESTING PAGE: GET / with {} and HTTP headers {}
D, [2020-06-08T09:42:28.228404 #14808] DEBUG -- : REQUESTING PAGE: GET / with {} and HTTP headers {}
D, [2020-06-08T09:52:04.367476 #13352] DEBUG -- : REQUESTING PAGE: GET / with {} and HTTP headers {}
D, [2020-06-08T09:52:25.575064 #12812] DEBUG -- : REQUESTING PAGE: GET / with {} and HTTP headers {}
D, [2020-06-08T09:54:08.028583 #13548] DEBUG -- : REQUESTING PAGE: GET / with {} and HTTP headers {}
D, [2020-06-08T09:54:43.557326 #9040] DEBUG -- : REQUESTING PAGE: GET / with {} and HTTP headers {}
D, [2020-06-08T10:14:55.703653 #3176] DEBUG -- : REQUESTING PAGE: GET / with {} and HTTP headers {}
D, [2020-06-08T10:14:55.767706 #3176] DEBUG -- : REQUESTING PAGE: GET / with {} and HTTP headers {}
D, [2020-06-08T10:20:45.282239 #2068] DEBUG -- : REQUESTING PAGE: GET / with {} and HTTP headers {}
D, [2020-06-08T10:20:45.353136 #2068] DEBUG -- : REQUESTING PAGE: GET /Registro with {} and HTTP headers {}
D, [2020-06-08T10:20:59.454231 #15808] DEBUG -- : REQUESTING PAGE: GET / with {} and HTTP headers {}
D, [2020-06-08T10:20:59.508245 #15808] DEBUG -- : REQUESTING PAGE: GET /Registro with {} and HTTP headers {}
D, [2020-06-08T10:22:41.302553 #8536] DEBUG -- : REQUESTING PAGE: GET / with {} and HTTP headers {}
D, [2020-06-08T10:22:41.387479 #8536] DEBUG -- : REQUESTING PAGE: GET /Registro with {} and HTTP headers {}
D, [2020-06-08T10:58:24.874643 #4192] DEBUG -- : REQUESTING PAGE: GET / with {} and HTTP headers {}
D, [2020-06-08T10:58:24.954862 #4192] DEBUG -- : REQUESTING PAGE: GET /Registro with {} and HTTP headers {}
D, [2020-06-08T11:01:21.330972 #13572] DEBUG -- : REQUESTING PAGE: GET / with {} and HTTP headers {}
D, [2020-06-08T11:01:21.441693 #13572] DEBUG -- : REQUESTING PAGE: GET /Registro with {} and HTTP headers {}
D, [2020-06-08T11:14:21.600465 #14324] DEBUG -- : REQUESTING PAGE: GET / with {} and HTTP headers {}
D, [2020-06-08T11:14:21.802310 #14324] DEBUG -- : REQUESTING PAGE: GET /Registro with {} and HTTP headers {}
D, [2020-06-08T19:50:30.941989 #23184] DEBUG -- : REQUESTING PAGE: GET / with {} and HTTP headers {}
D, [2020-06-08T19:50:31.992787 #23184] DEBUG -- : REQUESTING PAGE: GET /Registro with {} and HTTP headers {}
D, [2020-06-08T19:53:30.422944 #9320] DEBUG -- : REQUESTING PAGE: GET / with {} and HTTP headers {}
D, [2020-06-08T19:53:30.564483 #9320] DEBUG -- : REQUESTING PAGE: GET /Registro with {} and HTTP headers {}
D, [2020-06-08T19:55:32.668689 #19920] DEBUG -- : REQUESTING PAGE: GET / with {} and HTTP headers {}
D, [2020-06-08T19:55:32.780394 #19920] DEBUG -- : REQUESTING PAGE: GET /Registro with {} and HTTP headers {}
D, [2020-06-08T21:10:33.464621 #19428] DEBUG -- : REQUESTING PAGE: GET / with {} and HTTP headers {}
D, [2020-06-08T21:10:33.701250 #19428] DEBUG -- : REQUESTING PAGE: GET /Registro with {} and HTTP headers {}
D, [2020-06-08T21:13:00.602544 #1220] DEBUG -- : REQUESTING PAGE: GET / with {} and HTTP headers {}
D, [2020-06-08T21:13:00.744012 #1220] DEBUG -- : REQUESTING PAGE: GET /Registro with {} and HTTP headers {}
D, [2020-06-08T21:13:50.817675 #17412] DEBUG -- : REQUESTING PAGE: GET / with {} and HTTP headers {}
D, [2020-06-08T21:13:50.943652 #17412] DEBUG -- : REQUESTING PAGE: GET /Registro with {} and HTTP headers {}
D, [2020-06-08T21:14:58.708425 #2964] DEBUG -- : REQUESTING PAGE: GET / with {} and HTTP headers {}
D, [2020-06-08T21:14:58.877043 #2964] DEBUG -- : REQUESTING PAGE: GET /Registro with {} and HTTP headers {}
D, [2020-06-08T21:15:52.354956 #17224] DEBUG -- : REQUESTING PAGE: GET / with {} and HTTP headers {}
D, [2020-06-08T21:15:52.543225 #17224] DEBUG -- : REQUESTING PAGE: GET /Registro with {} and HTTP headers {}
D, [2020-06-08T21:16:52.114388 #2276] DEBUG -- : REQUESTING PAGE: GET / with {} and HTTP headers {}
D, [2020-06-08T21:16:52.329173 #2276] DEBUG -- : REQUESTING PAGE: GET /Registro with {} and HTTP headers {}
D, [2020-06-08T21:17:51.585302 #21648] DEBUG -- : REQUESTING PAGE: GET / with {} and HTTP headers {}
D, [2020-06-08T21:17:51.716579 #21648] DEBUG -- : REQUESTING PAGE: GET /Registro with {} and HTTP headers {}
D, [2020-06-08T21:19:46.176046 #6068] DEBUG -- : REQUESTING PAGE: GET / with {} and HTTP headers {}
D, [2020-06-08T21:19:46.367504 #6068] DEBUG -- : REQUESTING PAGE: GET /Registro with {} and HTTP headers {}
D, [2020-06-08T21:19:46.594148 #6068] DEBUG -- : REQUESTING PAGE: POST SaludoRegistro with {"name"=>"nombre"} and HTTP headers {"HTTP_REFERER"=>"/Registro"}
D, [2020-06-08T21:23:18.957993 #25252] DEBUG -- : REQUESTING PAGE: GET / with {} and HTTP headers {}
D, [2020-06-08T21:23:19.041175 #25252] DEBUG -- : REQUESTING PAGE: GET /Registro with {} and HTTP headers {}
D, [2020-06-08T21:23:19.099710 #25252] DEBUG -- : REQUESTING PAGE: POST SaludoRegistro with {"name"=>"nombre"} and HTTP headers {"HTTP_REFERER"=>"/Registro"}
D, [2020-06-08T21:24:06.317521 #25392] DEBUG -- : REQUESTING PAGE: GET / with {} and HTTP headers {}
D, [2020-06-08T21:24:06.405591 #25392] DEBUG -- : REQUESTING PAGE: GET /Registro with {} and HTTP headers {}
D, [2020-06-08T21:24:06.453087 #25392] DEBUG -- : REQUESTING PAGE: POST SaludoRegistro with {"name"=>"nombre"} and HTTP headers {"HTTP_REFERER"=>"/Registro"}
D, [2020-06-08T21:47:59.074984 #7572] DEBUG -- : REQUESTING PAGE: GET / with {} and HTTP headers {}
D, [2020-06-08T21:47:59.271206 #7572] DEBUG -- : REQUESTING PAGE: GET /Registro with {} and HTTP headers {}
D, [2020-06-08T21:47:59.367245 #7572] DEBUG -- : REQUESTING PAGE: POST SaludoRegistro with {"name"=>"nombre"} and HTTP headers {"HTTP_REFERER"=>"/Registro"}
